2026-04-30 16:45:24,746 INFO observation_check | player=White | unknown_squares=10 | cells=25
2026-04-30 16:45:24,746 INFO training_start | episodes=5000 | seed=7 | learning_rate=0.200->0.050 | discount=0.950 | exploration=0.400->0.050 | evaluation_games=300
2026-04-30 16:46:00,555 INFO 
episode=100 | exploration=0.393 | learning_rate=0.197 | average_length=81.3
self_play white_win / black_win / draw = 8.0 / 17.0 / 75.0
white_eval_vs_random decisive_win / win - loss - draw = 54.7 | 11.7 - 9.7 - 78.7
black_eval_vs_random decisive_win / win - loss - draw = 60.5 | 15.3 - 10.0 - 74.7
best_score=57.6 at_episode=100 | q_states white/black=3534/3543
======
2026-04-30 16:46:37,265 INFO 
episode=200 | exploration=0.386 | learning_rate=0.194 | average_length=80.2
self_play white_win / black_win / draw = 8.5 / 16.0 / 75.5
white_eval_vs_random decisive_win / win - loss - draw = 50.6 | 13.7 - 13.3 - 73.0
black_eval_vs_random decisive_win / win - loss - draw = 57.9 | 14.7 - 10.7 - 74.7
best_score=57.6 at_episode=100 | q_states white/black=6998/7035
======
2026-04-30 16:47:13,373 INFO 
episode=300 | exploration=0.379 | learning_rate=0.191 | average_length=71.8
self_play white_win / black_win / draw = 12.7 / 15.0 / 72.3
white_eval_vs_random decisive_win / win - loss - draw = 58.3 | 14.0 - 10.0 - 76.0
black_eval_vs_random decisive_win / win - loss - draw = 62.3 | 14.3 - 8.7 - 77.0
best_score=60.3 at_episode=300 | q_states white/black=10063/10054
======
2026-04-30 16:47:48,647 INFO 
episode=400 | exploration=0.372 | learning_rate=0.188 | average_length=76.1
self_play white_win / black_win / draw = 12.2 / 14.5 / 73.2
white_eval_vs_random decisive_win / win - loss - draw = 57.7 | 15.0 - 11.0 - 74.0
black_eval_vs_random decisive_win / win - loss - draw = 63.1 | 17.7 - 10.3 - 72.0
best_score=60.4 at_episode=400 | q_states white/black=13234/13344
======
2026-04-30 16:48:26,224 INFO 
episode=500 | exploration=0.365 | learning_rate=0.185 | average_length=81.9
self_play white_win / black_win / draw = 12.2 / 13.2 / 74.6
white_eval_vs_random decisive_win / win - loss - draw = 61.4 | 11.7 - 7.3 - 81.0
black_eval_vs_random decisive_win / win - loss - draw = 59.4 | 12.7 - 8.7 - 78.7
best_score=60.4 at_episode=400 | q_states white/black=16662/16726
======
2026-04-30 16:49:02,521 INFO 
episode=600 | exploration=0.358 | learning_rate=0.182 | average_length=78.2
self_play white_win / black_win / draw = 12.3 / 13.2 / 74.5
white_eval_vs_random decisive_win / win - loss - draw = 59.2 | 14.0 - 9.7 - 76.3
black_eval_vs_random decisive_win / win - loss - draw = 60.5 | 15.3 - 10.0 - 74.7
best_score=60.4 at_episode=400 | q_states white/black=19843/19968
======
2026-04-30 16:49:39,062 INFO 
episode=700 | exploration=0.351 | learning_rate=0.179 | average_length=80.3
self_play white_win / black_win / draw = 12.0 / 13.3 / 74.7
white_eval_vs_random decisive_win / win - loss - draw = 62.6 | 19.0 - 11.3 - 69.7
black_eval_vs_random decisive_win / win - loss - draw = 58.7 | 14.7 - 10.3 - 75.0
best_score=60.7 at_episode=700 | q_states white/black=23075/23266
======
2026-04-30 16:50:15,123 INFO 
episode=800 | exploration=0.344 | learning_rate=0.176 | average_length=80.3
self_play white_win / black_win / draw = 12.0 / 13.0 / 75.0
white_eval_vs_random decisive_win / win - loss - draw = 62.5 | 18.3 - 11.0 - 70.7
black_eval_vs_random decisive_win / win - loss - draw = 62.2 | 18.7 - 11.3 - 70.0
best_score=62.4 at_episode=800 | q_states white/black=26424/26649
======
2026-04-30 16:50:50,602 INFO 
episode=900 | exploration=0.337 | learning_rate=0.173 | average_length=78.7
self_play white_win / black_win / draw = 11.9 / 13.0 / 75.1
white_eval_vs_random decisive_win / win - loss - draw = 62.7 | 17.3 - 10.3 - 72.3
black_eval_vs_random decisive_win / win - loss - draw = 51.3 | 13.3 - 12.7 - 74.0
best_score=62.4 at_episode=800 | q_states white/black=29562/29843
======
2026-04-30 16:51:26,447 INFO 
episode=1000 | exploration=0.330 | learning_rate=0.170 | average_length=82.8
self_play white_win / black_win / draw = 11.2 / 12.8 / 76.0
white_eval_vs_random decisive_win / win - loss - draw = 57.3 | 19.7 - 14.7 - 65.7
black_eval_vs_random decisive_win / win - loss - draw = 59.6 | 17.7 - 12.0 - 70.3
best_score=62.4 at_episode=800 | q_states white/black=32972/33285
======
2026-04-30 16:52:02,497 INFO 
episode=1100 | exploration=0.323 | learning_rate=0.167 | average_length=76.9
self_play white_win / black_win / draw = 11.3 / 12.9 / 75.8
white_eval_vs_random decisive_win / win - loss - draw = 58.4 | 17.3 - 12.3 - 70.3
black_eval_vs_random decisive_win / win - loss - draw = 60.2 | 16.7 - 11.0 - 72.3
best_score=62.4 at_episode=800 | q_states white/black=36115/36456
======
2026-04-30 16:52:37,357 INFO 
episode=1200 | exploration=0.316 | learning_rate=0.164 | average_length=77.5
self_play white_win / black_win / draw = 11.5 / 12.8 / 75.7
white_eval_vs_random decisive_win / win - loss - draw = 61.6 | 15.0 - 9.3 - 75.7
black_eval_vs_random decisive_win / win - loss - draw = 62.8 | 18.0 - 10.7 - 71.3
best_score=62.4 at_episode=800 | q_states white/black=39266/39596
======
2026-04-30 16:53:12,469 INFO 
episode=1300 | exploration=0.309 | learning_rate=0.161 | average_length=76.7
self_play white_win / black_win / draw = 11.7 / 12.8 / 75.5
white_eval_vs_random decisive_win / win - loss - draw = 64.3 | 21.0 - 11.7 - 67.3
black_eval_vs_random decisive_win / win - loss - draw = 65.3 | 15.7 - 8.3 - 76.0
best_score=64.8 at_episode=1300 | q_states white/black=42345/42735
======
2026-04-30 16:53:49,987 INFO 
episode=1400 | exploration=0.302 | learning_rate=0.158 | average_length=77.2
self_play white_win / black_win / draw = 11.7 / 12.9 / 75.4
white_eval_vs_random decisive_win / win - loss - draw = 68.9 | 14.0 - 6.3 - 79.7
black_eval_vs_random decisive_win / win - loss - draw = 61.9 | 17.3 - 10.7 - 72.0
best_score=65.4 at_episode=1400 | q_states white/black=45501/45886
======
2026-04-30 16:54:25,692 INFO 
episode=1500 | exploration=0.295 | learning_rate=0.155 | average_length=77.1
self_play white_win / black_win / draw = 11.8 / 12.9 / 75.3
white_eval_vs_random decisive_win / win - loss - draw = 60.0 | 16.0 - 10.7 - 73.3
black_eval_vs_random decisive_win / win - loss - draw = 57.7 | 13.7 - 10.0 - 76.3
best_score=65.4 at_episode=1400 | q_states white/black=48668/49040
======
2026-04-30 16:55:01,749 INFO 
episode=1600 | exploration=0.288 | learning_rate=0.152 | average_length=80.2
self_play white_win / black_win / draw = 11.8 / 12.8 / 75.4
white_eval_vs_random decisive_win / win - loss - draw = 62.0 | 14.7 - 9.0 - 76.3
black_eval_vs_random decisive_win / win - loss - draw = 55.4 | 17.0 - 13.7 - 69.3
best_score=65.4 at_episode=1400 | q_states white/black=51924/52325
======
2026-04-30 16:55:36,671 INFO 
episode=1700 | exploration=0.281 | learning_rate=0.149 | average_length=77.5
self_play white_win / black_win / draw = 12.1 / 12.6 / 75.3
white_eval_vs_random decisive_win / win - loss - draw = 70.4 | 19.0 - 8.0 - 73.0
black_eval_vs_random decisive_win / win - loss - draw = 55.3 | 14.0 - 11.3 - 74.7
best_score=65.4 at_episode=1400 | q_states white/black=55018/55452
======
2026-04-30 16:56:12,275 INFO 
episode=1800 | exploration=0.274 | learning_rate=0.146 | average_length=77.8
self_play white_win / black_win / draw = 12.0 / 12.8 / 75.2
white_eval_vs_random decisive_win / win - loss - draw = 63.8 | 17.0 - 9.7 - 73.3
black_eval_vs_random decisive_win / win - loss - draw = 57.1 | 14.7 - 11.0 - 74.3
best_score=65.4 at_episode=1400 | q_states white/black=58167/58614
======
2026-04-30 16:56:47,560 INFO 
episode=1900 | exploration=0.267 | learning_rate=0.143 | average_length=74.8
self_play white_win / black_win / draw = 12.0 / 12.8 / 75.2
white_eval_vs_random decisive_win / win - loss - draw = 57.9 | 14.7 - 10.7 - 74.7
black_eval_vs_random decisive_win / win - loss - draw = 54.4 | 12.3 - 10.3 - 77.3
best_score=65.4 at_episode=1400 | q_states white/black=61191/61615
======
2026-04-30 16:57:22,814 INFO 
episode=2000 | exploration=0.260 | learning_rate=0.140 | average_length=77.1
self_play white_win / black_win / draw = 12.0 / 12.9 / 75.0
white_eval_vs_random decisive_win / win - loss - draw = 73.3 | 18.3 - 6.7 - 75.0
black_eval_vs_random decisive_win / win - loss - draw = 51.3 | 13.0 - 12.3 - 74.7
best_score=65.4 at_episode=1400 | q_states white/black=64312/64786
======
2026-04-30 16:57:57,192 INFO 
episode=2100 | exploration=0.253 | learning_rate=0.137 | average_length=76.5
self_play white_win / black_win / draw = 11.9 / 13.2 / 74.9
white_eval_vs_random decisive_win / win - loss - draw = 59.1 | 17.3 - 12.0 - 70.7
black_eval_vs_random decisive_win / win - loss - draw = 55.0 | 14.7 - 12.0 - 73.3
best_score=65.4 at_episode=1400 | q_states white/black=67397/67909
======
2026-04-30 16:58:32,100 INFO 
episode=2200 | exploration=0.246 | learning_rate=0.134 | average_length=77.1
self_play white_win / black_win / draw = 11.9 / 13.2 / 74.9
white_eval_vs_random decisive_win / win - loss - draw = 66.2 | 14.3 - 7.3 - 78.3
black_eval_vs_random decisive_win / win - loss - draw = 62.3 | 16.0 - 9.7 - 74.3
best_score=65.4 at_episode=1400 | q_states white/black=70386/70942
======
2026-04-30 16:59:07,070 INFO 
episode=2300 | exploration=0.239 | learning_rate=0.131 | average_length=75.2
self_play white_win / black_win / draw = 11.8 / 13.5 / 74.7
white_eval_vs_random decisive_win / win - loss - draw = 63.1 | 17.7 - 10.3 - 72.0
black_eval_vs_random decisive_win / win - loss - draw = 59.3 | 16.0 - 11.0 - 73.0
best_score=65.4 at_episode=1400 | q_states white/black=73385/73969
======
2026-04-30 16:59:43,102 INFO 
episode=2400 | exploration=0.232 | learning_rate=0.128 | average_length=80.5
self_play white_win / black_win / draw = 12.0 / 13.5 / 74.5
white_eval_vs_random decisive_win / win - loss - draw = 74.3 | 18.3 - 6.3 - 75.3
black_eval_vs_random decisive_win / win - loss - draw = 60.3 | 15.7 - 10.3 - 74.0
best_score=67.3 at_episode=2400 | q_states white/black=76556/77121
======
2026-04-30 17:00:18,407 INFO 
episode=2500 | exploration=0.225 | learning_rate=0.125 | average_length=77.5
self_play white_win / black_win / draw = 12.2 / 13.4 / 74.4
white_eval_vs_random decisive_win / win - loss - draw = 66.0 | 21.3 - 11.0 - 67.7
black_eval_vs_random decisive_win / win - loss - draw = 65.3 | 16.3 - 8.7 - 75.0
best_score=67.3 at_episode=2400 | q_states white/black=79661/80209
======
2026-04-30 17:00:53,443 INFO 
episode=2600 | exploration=0.218 | learning_rate=0.122 | average_length=75.7
self_play white_win / black_win / draw = 12.4 / 13.3 / 74.3
white_eval_vs_random decisive_win / win - loss - draw = 59.7 | 14.3 - 9.7 - 76.0
black_eval_vs_random decisive_win / win - loss - draw = 69.6 | 18.3 - 8.0 - 73.7
best_score=67.3 at_episode=2400 | q_states white/black=82611/83184
======
2026-04-30 17:01:29,749 INFO 
episode=2700 | exploration=0.211 | learning_rate=0.119 | average_length=78.0
self_play white_win / black_win / draw = 12.1 / 13.5 / 74.4
white_eval_vs_random decisive_win / win - loss - draw = 56.1 | 15.3 - 12.0 - 72.7
black_eval_vs_random decisive_win / win - loss - draw = 69.6 | 16.0 - 7.0 - 77.0
best_score=67.3 at_episode=2400 | q_states white/black=85725/86330
======
2026-04-30 17:02:04,788 INFO 
episode=2800 | exploration=0.204 | learning_rate=0.116 | average_length=77.4
self_play white_win / black_win / draw = 12.1 / 13.8 / 74.2
white_eval_vs_random decisive_win / win - loss - draw = 55.7 | 13.0 - 10.3 - 76.7
black_eval_vs_random decisive_win / win - loss - draw = 69.8 | 20.0 - 8.7 - 71.3
best_score=67.3 at_episode=2400 | q_states white/black=88649/89393
======
2026-04-30 17:02:42,092 INFO 
episode=2900 | exploration=0.197 | learning_rate=0.113 | average_length=77.2
self_play white_win / black_win / draw = 12.0 / 13.8 / 74.2
white_eval_vs_random decisive_win / win - loss - draw = 60.2 | 16.7 - 11.0 - 72.3
black_eval_vs_random decisive_win / win - loss - draw = 64.5 | 16.3 - 9.0 - 74.7
best_score=67.3 at_episode=2400 | q_states white/black=91767/92528
======
2026-04-30 17:03:18,489 INFO 
episode=3000 | exploration=0.190 | learning_rate=0.110 | average_length=81.5
self_play white_win / black_win / draw = 12.0 / 13.6 / 74.4
white_eval_vs_random decisive_win / win - loss - draw = 61.4 | 17.0 - 10.7 - 72.3
black_eval_vs_random decisive_win / win - loss - draw = 57.9 | 14.7 - 10.7 - 74.7
best_score=67.3 at_episode=2400 | q_states white/black=95046/95735
======
2026-04-30 17:03:54,047 INFO 
episode=3100 | exploration=0.183 | learning_rate=0.107 | average_length=84.8
self_play white_win / black_win / draw = 12.0 / 13.4 / 74.6
white_eval_vs_random decisive_win / win - loss - draw = 53.7 | 17.0 - 14.7 - 68.3
black_eval_vs_random decisive_win / win - loss - draw = 60.4 | 18.3 - 12.0 - 69.7
best_score=67.3 at_episode=2400 | q_states white/black=98450/99119
======
2026-04-30 17:04:30,980 INFO 
episode=3200 | exploration=0.176 | learning_rate=0.104 | average_length=79.1
self_play white_win / black_win / draw = 12.0 / 13.2 / 74.8
white_eval_vs_random decisive_win / win - loss - draw = 58.8 | 13.3 - 9.3 - 77.3
black_eval_vs_random decisive_win / win - loss - draw = 68.4 | 18.0 - 8.3 - 73.7
best_score=67.3 at_episode=2400 | q_states white/black=101619/102295
======
2026-04-30 17:05:07,478 INFO 
episode=3300 | exploration=0.169 | learning_rate=0.101 | average_length=79.6
self_play white_win / black_win / draw = 12.0 / 13.3 / 74.7
white_eval_vs_random decisive_win / win - loss - draw = 51.8 | 14.3 - 13.3 - 72.3
black_eval_vs_random decisive_win / win - loss - draw = 59.3 | 16.0 - 11.0 - 73.0
best_score=67.3 at_episode=2400 | q_states white/black=104796/105460
======
2026-04-30 17:05:45,350 INFO 
episode=3400 | exploration=0.162 | learning_rate=0.098 | average_length=75.3
self_play white_win / black_win / draw = 12.0 / 13.3 / 74.7
white_eval_vs_random decisive_win / win - loss - draw = 54.7 | 13.7 - 11.3 - 75.0
black_eval_vs_random decisive_win / win - loss - draw = 62.7 | 15.7 - 9.3 - 75.0
best_score=67.3 at_episode=2400 | q_states white/black=107752/108443
======
2026-04-30 17:06:22,898 INFO 
episode=3500 | exploration=0.155 | learning_rate=0.095 | average_length=85.4
self_play white_win / black_win / draw = 11.9 / 13.2 / 74.9
white_eval_vs_random decisive_win / win - loss - draw = 54.9 | 15.0 - 12.3 - 72.7
black_eval_vs_random decisive_win / win - loss - draw = 61.8 | 15.7 - 9.7 - 74.7
best_score=67.3 at_episode=2400 | q_states white/black=111105/111823
======
2026-04-30 17:07:00,039 INFO 
episode=3600 | exploration=0.148 | learning_rate=0.092 | average_length=76.3
self_play white_win / black_win / draw = 12.2 / 13.0 / 74.8
white_eval_vs_random decisive_win / win - loss - draw = 62.0 | 16.3 - 10.0 - 73.7
black_eval_vs_random decisive_win / win - loss - draw = 63.6 | 16.3 - 9.3 - 74.3
best_score=67.3 at_episode=2400 | q_states white/black=114184/114915
======
2026-04-30 17:07:35,972 INFO 
episode=3700 | exploration=0.141 | learning_rate=0.089 | average_length=80.0
self_play white_win / black_win / draw = 12.1 / 13.0 / 74.9
white_eval_vs_random decisive_win / win - loss - draw = 55.6 | 15.0 - 12.0 - 73.0
black_eval_vs_random decisive_win / win - loss - draw = 68.8 | 21.3 - 9.7 - 69.0
best_score=67.3 at_episode=2400 | q_states white/black=117349/118114
======
2026-04-30 17:08:13,178 INFO 
episode=3800 | exploration=0.134 | learning_rate=0.086 | average_length=80.8
self_play white_win / black_win / draw = 12.1 / 12.9 / 74.9
white_eval_vs_random decisive_win / win - loss - draw = 65.9 | 18.0 - 9.3 - 72.7
black_eval_vs_random decisive_win / win - loss - draw = 58.1 | 12.0 - 8.7 - 79.3
best_score=67.3 at_episode=2400 | q_states white/black=120580/121377
======
2026-04-30 17:08:49,964 INFO 
episode=3900 | exploration=0.127 | learning_rate=0.083 | average_length=84.6
self_play white_win / black_win / draw = 12.2 / 12.8 / 75.0
white_eval_vs_random decisive_win / win - loss - draw = 50.7 | 12.7 - 12.3 - 75.0
black_eval_vs_random decisive_win / win - loss - draw = 63.6 | 16.3 - 9.3 - 74.3
best_score=67.3 at_episode=2400 | q_states white/black=123868/124778
======
